<?xml version="1.0" encoding="UTF-8"?>
<!-- Generated by org.testng.reporters.JUnitXMLReporter -->
<testsuite ignored="8" hostname="LAPTOP-E6RQCE27" failures="0" tests="6" name="Test" time="98.85" errors="0" timestamp="2024-11-26T11:19:56 IST">
  <testcase classname="com.inventoryTest.SearchProductTest" name="searchProductByCode" time="2.694"/>
  <testcase classname="com.pointOfSaleTest.SubmitProductsTest" name="submitProductsTest" time="7.863"/>
  <testcase classname="com.accountsTest.AddUserAccountTest" name="addUserAccount" time="7.382"/>
  <testcase classname="com.productTest.AddProductTest" name="addProductAndVerifyInEditTest" time="10.398"/>
  <testcase classname="com.productTest.AddProductTest" name="addProductTest" time="8.811"/>
  <testcase classname="com.employeeTest.EditEmployeeTest" name="editEmployeeContact" time="7.438"/>
  <testcase classname="com.baseTest.BaseClass" name="@BeforeSuite configBeforeSuite" time="0.0">
    <ignored/>
  </testcase> <!-- @BeforeSuite configBeforeSuite -->
  <testcase classname="com.baseTest.BaseClass" name="@BeforeSuite configBeforeSuite" time="0.0">
    <ignored/>
  </testcase> <!-- @BeforeSuite configBeforeSuite -->
  <testcase classname="com.baseTest.BaseClass" name="@BeforeSuite configBeforeSuite" time="0.0">
    <ignored/>
  </testcase> <!-- @BeforeSuite configBeforeSuite -->
  <testcase classname="com.baseTest.BaseClass" name="@BeforeSuite configBeforeSuite" time="0.0">
    <ignored/>
  </testcase> <!-- @BeforeSuite configBeforeSuite -->
  <testcase classname="com.baseTest.BaseClass" name="@AfterSuite configAfterSuite" time="0.0">
    <ignored/>
  </testcase> <!-- @AfterSuite configAfterSuite -->
  <testcase classname="com.baseTest.BaseClass" name="@AfterSuite configAfterSuite" time="0.0">
    <ignored/>
  </testcase> <!-- @AfterSuite configAfterSuite -->
  <testcase classname="com.baseTest.BaseClass" name="@AfterSuite configAfterSuite" time="0.0">
    <ignored/>
  </testcase> <!-- @AfterSuite configAfterSuite -->
  <testcase classname="com.baseTest.BaseClass" name="@AfterSuite configAfterSuite" time="0.0">
    <ignored/>
  </testcase> <!-- @AfterSuite configAfterSuite -->
</testsuite> <!-- Test -->
