<?xml version="1.0" encoding="UTF-8"?>
<!-- Generated by org.testng.reporters.JUnitXMLReporter -->
<testsuite ignored="2" hostname="LAPTOP-E6RQCE27" failures="0" tests="3" name="Test_2" time="85.918" errors="0" timestamp="2024-11-26T09:48:58 IST">
  <testcase classname="com.productTest.AddProductTest" name="addProductAndVerifyInEditTest" time="17.728"/>
  <testcase classname="com.productTest.AddProductTest" name="addProductTest" time="0.0">
    <skipped/>
  </testcase> <!-- addProductTest -->
  <testcase classname="com.employeeTest.EditEmployeeTest" name="editEmployeeContact" time="7.682"/>
  <testcase classname="com.baseTest.BaseClass" name="@AfterSuite configAfterSuite" time="0.0">
    <ignored/>
  </testcase> <!-- @AfterSuite configAfterSuite -->
  <testcase classname="com.baseTest.BaseClass" name="@BeforeSuite configBeforeSuite" time="0.0">
    <ignored/>
  </testcase> <!-- @BeforeSuite configBeforeSuite -->
</testsuite> <!-- Test_2 -->
