<?xml version="1.0" encoding="UTF-8"?>
<!-- Generated by org.testng.reporters.JUnitXMLReporter -->
<testsuite ignored="4" hostname="LAPTOP-E6RQCE27" failures="0" tests="3" name="Test_1" time="60.347" errors="0" timestamp="2024-11-26T09:48:32 IST">
  <testcase classname="com.pointOfSaleTest.SubmitProductsTest" name="submitProductsTest" time="13.16"/>
  <testcase classname="com.inventoryTest.SearchProductTest" name="searchProductByCode" time="2.109"/>
  <testcase classname="com.accountsTest.AddUserAccountTest" name="addUserAccount" time="6.631"/>
  <testcase classname="com.baseTest.BaseClass" name="@BeforeSuite configBeforeSuite" time="0.0">
    <ignored/>
  </testcase> <!-- @BeforeSuite configBeforeSuite -->
  <testcase classname="com.baseTest.BaseClass" name="@BeforeSuite configBeforeSuite" time="0.0">
    <ignored/>
  </testcase> <!-- @BeforeSuite configBeforeSuite -->
  <testcase classname="com.baseTest.BaseClass" name="@AfterSuite configAfterSuite" time="0.0">
    <ignored/>
  </testcase> <!-- @AfterSuite configAfterSuite -->
  <testcase classname="com.baseTest.BaseClass" name="@AfterSuite configAfterSuite" time="0.0">
    <ignored/>
  </testcase> <!-- @AfterSuite configAfterSuite -->
</testsuite> <!-- Test_1 -->
